checking languages Replicas databases and deleting those without one...
This language has no database or we cannot connect to it: ru_sib
This language has no database or we cannot connect to it: tlh
This language has no database or we cannot connect to it: tokipona
['aa', 'ab', 'ace', 'ady', 'af', 'ak', 'als', 'am', 'an', 'ang', 'ar', 'arc', 'ary', 'arz', 'as', 'ast', 'atj', 'av', 'avk', 'awa', 'ay', 'az', 'azb', 'ba', 'ban', 'bar', 'bat_smg', 'bcl', 'be', 'be_x_old', 'bg', 'bh', 'bi', 'bjn', 'bm', 'bn', 'bo', 'bpy', 'br', 'bs', 'bug', 'bxr', 'ca', 'cbk_zam', 'cdo', 'ce', 'ceb', 'ch', 'cho', 'chr', 'chy', 'ckb', 'co', 'cr', 'crh', 'cs', 'csb', 'cu', 'cv', 'cy', 'da', 'de', 'din', 'diq', 'dsb', 'dty', 'dv', 'dz', 'ee', 'el', 'eml', 'en', 'eo', 'es', 'et', 'eu', 'ext', 'fa', 'ff', 'fi', 'fiu_vro', 'fj', 'fo', 'fr', 'frp', 'frr', 'fur', 'fy', 'ga', 'gag', 'gan', 'gcr', 'gd', 'gl', 'glk', 'gn', 'gom', 'gor', 'got', 'gu', 'gv', 'ha', 'hak', 'haw', 'he', 'hi', 'hif', 'ho', 'hr', 'hsb', 'ht', 'hu', 'hy', 'hyw', 'hz', 'ia', 'id', 'ie', 'ig', 'ii', 'ik', 'ilo', 'inh', 'io', 'is', 'it', 'iu', 'ja', 'jam', 'jbo', 'jv', 'ka', 'kaa', 'kab', 'kbd', 'kbp', 'kg', 'ki', 'kj', 'kk', 'kl', 'km', 'kn', 'ko', 'koi', 'kr', 'krc', 'ks', 'ksh', 'ku', 'kv', 'kw', 'ky', 'la', 'lad', 'lb', 'lbe', 'lez', 'lfn', 'lg', 'li', 'lij', 'lld', 'lmo', 'ln', 'lo', 'lrc', 'lt', 'ltg', 'lv', 'mai', 'map_bms', 'mdf', 'mg', 'mh', 'mhr', 'mi', 'min', 'mk', 'ml', 'mn', 'mnw', 'mr', 'mrj', 'ms', 'mt', 'mus', 'mwl', 'my', 'myv', 'mzn', 'na', 'nah', 'nap', 'nds', 'nds_nl', 'ne', 'new', 'ng', 'nl', 'nn', 'no', 'nov', 'nqo', 'nrm', 'nso', 'nv', 'ny', 'oc', 'olo', 'om', 'or', 'os', 'pa', 'pag', 'pam', 'pap', 'pcd', 'pdc', 'pfl', 'pi', 'pih', 'pl', 'pms', 'pnb', 'pnt', 'ps', 'pt', 'qu', 'rm', 'rmy', 'rn', 'ro', 'roa_rup', 'roa_tara', 'ru', 'rue', 'rw', 'sa', 'sah', 'sat', 'sc', 'scn', 'sco', 'sd', 'se', 'sg', 'sh', 'shn', 'si', 'simple', 'sk', 'sl', 'sm', 'smn', 'sn', 'so', 'sq', 'sr', 'srn', 'ss', 'st', 'stq', 'su', 'sv', 'sw', 'szl', 'szy', 'ta', 'tcy', 'te', 'tet', 'tg', 'th', 'ti', 'tk', 'tl', 'tn', 'to', 'tpi', 'tr', 'ts', 'tt', 'tum', 'tw', 'ty', 'tyv', 'udm', 'ug', 'uk', 'ur', 'uz', 've', 'vec', 'vep', 'vi', 'vls', 'vo', 'wa', 'war', 'wo', 'wuu', 'xal', 'xh', 'xmf', 'yi', 'yo', 'za', 'zea', 'zh', 'zh_classical', 'zh_min_nan', 'zh_yue', 'zu']
* Starting the COMMUNITY HEALTH METRICS 2021-03 at this exact time: 04/23/2021, 21:47:30
ca
editor_metrics_dump_iterator ca
/public/dumps/public/other/mediawiki_history/2021-03
multiple files.
21
['/public/dumps/public/other/mediawiki_history/2021-03/cawiki/2021-03.cawiki.2001.tsv.bz2', '/public/dumps/public/other/mediawiki_history/2021-03/cawiki/2021-03.cawiki.2002.tsv.bz2', '/public/dumps/public/other/mediawiki_history/2021-03/cawiki/2021-03.cawiki.2003.tsv.bz2', '/public/dumps/public/other/mediawiki_history/2021-03/cawiki/2021-03.cawiki.2004.tsv.bz2', '/public/dumps/public/other/mediawiki_history/2021-03/cawiki/2021-03.cawiki.2005.tsv.bz2', '/public/dumps/public/other/mediawiki_history/2021-03/cawiki/2021-03.cawiki.2006.tsv.bz2', '/public/dumps/public/other/mediawiki_history/2021-03/cawiki/2021-03.cawiki.2007.tsv.bz2', '/public/dumps/public/other/mediawiki_history/2021-03/cawiki/2021-03.cawiki.2008.tsv.bz2', '/public/dumps/public/other/mediawiki_history/2021-03/cawiki/2021-03.cawiki.2009.tsv.bz2', '/public/dumps/public/other/mediawiki_history/2021-03/cawiki/2021-03.cawiki.2010.tsv.bz2', '/public/dumps/public/other/mediawiki_history/2021-03/cawiki/2021-03.cawiki.2011.tsv.bz2', '/public/dumps/public/other/mediawiki_history/2021-03/cawiki/2021-03.cawiki.2012.tsv.bz2', '/public/dumps/public/other/mediawiki_history/2021-03/cawiki/2021-03.cawiki.2013.tsv.bz2', '/public/dumps/public/other/mediawiki_history/2021-03/cawiki/2021-03.cawiki.2014.tsv.bz2', '/public/dumps/public/other/mediawiki_history/2021-03/cawiki/2021-03.cawiki.2015.tsv.bz2', '/public/dumps/public/other/mediawiki_history/2021-03/cawiki/2021-03.cawiki.2016.tsv.bz2', '/public/dumps/public/other/mediawiki_history/2021-03/cawiki/2021-03.cawiki.2017.tsv.bz2', '/public/dumps/public/other/mediawiki_history/2021-03/cawiki/2021-03.cawiki.2018.tsv.bz2', '/public/dumps/public/other/mediawiki_history/2021-03/cawiki/2021-03.cawiki.2019.tsv.bz2', '/public/dumps/public/other/mediawiki_history/2021-03/cawiki/2021-03.cawiki.2020.tsv.bz2', '/public/dumps/public/other/mediawiki_history/2021-03/cawiki/2021-03.cawiki.2021.tsv.bz2']

/public/dumps/public/other/mediawiki_history/2021-03/cawiki/2021-03.cawiki.2001.tsv.bz2
2001-04-01 00:00:00 2001-03 2021-03
2001-09-01 00:00:00 2001-04 2021-03
1 1
1
0
end of the dump.
*
0:00:00.090841

/public/dumps/public/other/mediawiki_history/2021-03/cawiki/2021-03.cawiki.2002.tsv.bz2
2002-01-01 00:00:00 2001-09 2021-03
2002-02-01 00:00:00 2002-01 2021-03
2002-03-01 00:00:00 2002-02 2021-03
3 3
3
1
end of the dump.
*
0:00:00.141917

/public/dumps/public/other/mediawiki_history/2021-03/cawiki/2021-03.cawiki.2003.tsv.bz2
2003-01-01 00:00:00 2002-03 2021-03
2003-02-01 00:00:00 2003-01 2021-03
2003-03-01 00:00:00 2003-02 2021-03
2003-04-01 00:00:00 2003-03 2021-03
2003-05-01 00:00:00 2003-04 2021-03
2003-06-01 00:00:00 2003-05 2021-03
2003-07-01 00:00:00 2003-06 2021-03
2003-08-01 00:00:00 2003-07 2021-03
2003-09-01 00:00:00 2003-08 2021-03
2003-10-01 00:00:00 2003-09 2021-03
2003-11-01 00:00:00 2003-10 2021-03
2003-12-01 00:00:00 2003-11 2021-03
43 42
43
17
end of the dump.
*
0:00:02.554404

/public/dumps/public/other/mediawiki_history/2021-03/cawiki/2021-03.cawiki.2004.tsv.bz2
2004-01-01 00:00:00 2003-12 2021-03
2004-02-01 00:00:00 2004-01 2021-03
2004-03-01 00:00:00 2004-02 2021-03
2004-04-01 00:00:00 2004-03 2021-03
2004-05-01 00:00:00 2004-04 2021-03
2004-06-01 00:00:00 2004-05 2021-03
2004-07-01 00:00:00 2004-06 2021-03
2004-08-01 00:00:00 2004-07 2021-03
2004-09-01 00:00:00 2004-08 2021-03
2004-10-01 00:00:00 2004-09 2021-03
2004-11-01 00:00:00 2004-10 2021-03
2004-12-01 00:00:00 2004-11 2021-03
299 293
299
51
end of the dump.
*
0:00:10.495787

/public/dumps/public/other/mediawiki_history/2021-03/cawiki/2021-03.cawiki.2005.tsv.bz2
2005-01-01 00:00:00 2004-12 2021-03
2005-02-01 00:00:00 2005-01 2021-03
2005-03-01 00:00:00 2005-02 2021-03
2005-04-01 00:00:00 2005-03 2021-03
2005-05-01 00:00:00 2005-04 2021-03
2005-06-01 00:00:00 2005-05 2021-03
2005-07-01 00:00:00 2005-06 2021-03
2005-08-01 00:00:00 2005-07 2021-03
2005-09-01 00:00:00 2005-08 2021-03
2005-10-01 00:00:00 2005-09 2021-03
2005-11-01 00:00:00 2005-10 2021-03
2005-12-01 00:00:00 2005-11 2021-03
1228 1218
1228
164
end of the dump.
*
0:00:32.467164

/public/dumps/public/other/mediawiki_history/2021-03/cawiki/2021-03.cawiki.2006.tsv.bz2
2006-01-01 00:00:00 2005-12 2021-03
2006-02-01 00:00:00 2006-01 2021-03
2006-03-01 00:00:00 2006-02 2021-03
2006-04-01 00:00:00 2006-03 2021-03
2006-05-01 00:00:00 2006-04 2021-03
2006-06-01 00:00:00 2006-05 2021-03
2006-07-01 00:00:00 2006-06 2021-03
2006-08-01 00:00:00 2006-07 2021-03
2006-09-01 00:00:00 2006-08 2021-03
2006-10-01 00:00:00 2006-09 2021-03
2006-11-01 00:00:00 2006-10 2021-03
2006-12-01 00:00:00 2006-11 2021-03
3204 3163
3204
248
end of the dump.
*
0:01:21.768300

/public/dumps/public/other/mediawiki_history/2021-03/cawiki/2021-03.cawiki.2007.tsv.bz2
2007-01-01 00:00:00 2006-12 2021-03
2007-02-01 00:00:00 2007-01 2021-03
2007-03-01 00:00:00 2007-02 2021-03
2007-04-01 00:00:00 2007-03 2021-03
2007-05-01 00:00:00 2007-04 2021-03
2007-06-01 00:00:00 2007-05 2021-03
2007-07-01 00:00:00 2007-06 2021-03
['cawiki', 'user', 'altergroups', '2007-07-25 13:58:33.0', '', '1063', 'Vriullop', 'Vriullop', '', '', 'sysop,bureaucrat', 'abusefilter,bureaucrat,interface-admin,sysop', '', '', 'false', 'false', 'false', 'false', '', '', '2005-06-09 15:54:31.0', '', '', '', '', '', '', '', '', '', '', '', '', '', '', '', '1315', 'Pasqual', 'Coet', '', '', 'sysop', 'abusefilter', '', '', 'false', 'false', 'false', 'false', '', '', '2005-11-12 17:34:11.']
{('1315', '2007-07-25 13:58:33.0'): ['granted_flag', 'sysop', '']}
2007-08-01 00:00:00 2007-07 2021-03
2007-09-01 00:00:00 2007-08 2021-03
2007-10-01 00:00:00 2007-09 2021-03
2007-11-01 00:00:00 2007-10 2021-03
2007-12-01 00:00:00 2007-11 2021-03
6662 6609
6662
716
end of the dump.
*
0:02:28.267419

/public/dumps/public/other/mediawiki_history/2021-03/cawiki/2021-03.cawiki.2008.tsv.bz2
2008-01-01 00:00:00 2007-12 2021-03
2008-02-01 00:00:00 2008-01 2021-03
2008-03-01 00:00:00 2008-02 2021-03
2008-04-01 00:00:00 2008-03 2021-03
2008-05-01 00:00:00 2008-04 2021-03
2008-06-01 00:00:00 2008-05 2021-03
2008-07-01 00:00:00 2008-06 2021-03
2008-08-01 00:00:00 2008-07 2021-03
2008-09-01 00:00:00 2008-08 2021-03
2008-10-01 00:00:00 2008-09 2021-03
2008-11-01 00:00:00 2008-10 2021-03
2008-12-01 00:00:00 2008-11 2021-03
15934 15551
15934
687
end of the dump.
*
0:03:57.556312

/public/dumps/public/other/mediawiki_history/2021-03/cawiki/2021-03.cawiki.2009.tsv.bz2
2009-01-01 00:00:00 2008-12 2021-03
2009-02-01 00:00:00 2009-01 2021-03
2009-03-01 00:00:00 2009-02 2021-03
2009-04-01 00:00:00 2009-03 2021-03
2009-05-01 00:00:00 2009-04 2021-03
2009-06-01 00:00:00 2009-05 2021-03
2009-07-01 00:00:00 2009-06 2021-03
2009-08-01 00:00:00 2009-07 2021-03
2009-09-01 00:00:00 2009-08 2021-03
2009-10-01 00:00:00 2009-09 2021-03
2009-11-01 00:00:00 2009-10 2021-03
2009-12-01 00:00:00 2009-11 2021-03
26836 26571
26836
783
end of the dump.
*
0:04:10.001628

/public/dumps/public/other/mediawiki_history/2021-03/cawiki/2021-03.cawiki.2010.tsv.bz2
2010-01-01 00:00:00 2009-12 2021-03
2010-02-01 00:00:00 2010-01 2021-03
2010-03-01 00:00:00 2010-02 2021-03
2010-04-01 00:00:00 2010-03 2021-03
2010-05-01 00:00:00 2010-04 2021-03
2010-06-01 00:00:00 2010-05 2021-03
2010-07-01 00:00:00 2010-06 2021-03
2010-08-01 00:00:00 2010-07 2021-03
2010-09-01 00:00:00 2010-08 2021-03
2010-10-01 00:00:00 2010-09 2021-03
2010-11-01 00:00:00 2010-10 2021-03
2010-12-01 00:00:00 2010-11 2021-03
['cawiki', 'user', 'altergroups', '2010-12-03 15:23:54.0', '', '14099', 'Mafoso', 'Mafoso', '', '', 'sysop', '', '', '', 'true', 'false', 'false', 'false', '2008-06-05 11:04:54.0', '2008-06-05 11:04:55.0', '2008-06-06 06:14:42.0', '', '', '', '', '', '', '', '', '', '', '', '', '', '', '', '3164', 'Bestiasonica', 'Bestiasonica', '', '', 'autopatrolled', 'sysop', '', '', 'true', 'false', 'false', 'false', '2006-06-06 17:50:42.0', '2006-06-06 17:50:42.0', '2006-06-07 06:58:25.']
{('4284', '2010-12-02 11:57:06.0'): ['removed_flag', 'checkuser', 'checkuser,rollbacker,sysop'], ('14099', '2010-12-02 11:57:35.0'): ['removed_flag', 'rollbacker', 'rollbacker,sysop'], ('15913', '2010-12-03 15:20:59.0'): ['granted_flag', 'autopatrolled', ''], ('3164', '2010-12-03 15:23:54.0'): ['granted_flag', 'autopatrolled', ''], ('4284', '2010-12-02 11:57:06'): ['removed_flag', 'rollbacker', 'checkuser,rollbacker,sysop']}
['cawiki', 'user', 'altergroups', '2010-12-03 15:32:17.0', '', '14099', 'Mafoso', 'Mafoso', '', '', 'sysop', '', '', '', 'true', 'false', 'false', 'false', '2008-06-05 11:04:54.0', '2008-06-05 11:04:55.0', '2008-06-06 06:14:42.0', '', '', '', '', '', '', '', '', '', '', '', '', '', '', '', '7573', 'Flamenc', 'Flamenc', '', '', 'autopatrolled', 'sysop', '', '', 'true', 'false', 'false', 'false', '2007-08-10 21:52:48.0', '2007-08-10 21:52:48.0', '2007-08-10 22:11:43.']
{('4284', '2010-12-02 11:57:06.0'): ['removed_flag', 'checkuser', 'checkuser,rollbacker,sysop'], ('3164', '2010-12-03 15:23:54.0'): ['granted_flag', 'autopatrolled', ''], ('7573', '2010-12-03 15:32:17.0'): ['granted_flag', 'autopatrolled', ''], ('14099', '2010-12-02 11:57:35.0'): ['removed_flag', 'rollbacker', 'rollbacker,sysop'], ('4284', '2010-12-02 11:57:06'): ['removed_flag', 'rollbacker', 'checkuser,rollbacker,sysop'], ('15913', '2010-12-03 15:20:59.0'): ['granted_flag', 'autopatrolled', ''], ('17271', '2010-12-03 15:28:32.0'): ['granted_flag', 'autopatrolled', '']}
['cawiki', 'user', 'altergroups', '2010-12-03 15:35:39.0', '', '14099', 'Mafoso', 'Mafoso', '', '', 'sysop', '', '', '', 'true', 'false', 'false', 'false', '2008-06-05 11:04:54.0', '2008-06-05 11:04:55.0', '2008-06-06 06:14:42.0', '', '', '', '', '', '', '', '', '', '', '', '', '', '', '', '2469', 'Arnaugir', 'Arnaugir', '', '', 'autopatrolled', 'interface-admin,sysop', '', '', 'true', 'false', 'false', 'false', '2006-03-12 16:09:39.0', '2006-03-12 16:09:42.0', '2006-03-17 12:47:23.']
{('4284', '2010-12-02 11:57:06.0'): ['removed_flag', 'checkuser', 'checkuser,rollbacker,sysop'], ('2469', '2010-12-03 15:35:39.0'): ['granted_flag', 'autopatrolled', ''], ('3164', '2010-12-03 15:23:54.0'): ['granted_flag', 'autopatrolled', ''], ('7573', '2010-12-03 15:32:17.0'): ['granted_flag', 'autopatrolled', ''], ('14099', '2010-12-02 11:57:35.0'): ['removed_flag', 'rollbacker', 'rollbacker,sysop'], ('4284', '2010-12-02 11:57:06'): ['removed_flag', 'rollbacker', 'checkuser,rollbacker,sysop'], ('9526', '2010-12-03 15:34:15.0'): ['granted_flag', 'autopatrolled', ''], ('15913', '2010-12-03 15:20:59.0'): ['granted_flag', 'autopatrolled', ''], ('17271', '2010-12-03 15:28:32.0'): ['granted_flag', 'autopatrolled', '']}
['cawiki', 'user', 'altergroups', '2010-12-14 14:59:00.0', '', '1960', 'Paucabot', 'Paucabot', '', '', 'sysop,bureaucrat', 'bureaucrat,sysop', 'name', 'name', 'true', 'false', 'false', 'false', '', '2005-12-10 22:50:23.0', '2005-12-10 22:52:52.0', '', '', '', '', '', '', '', '', '', '', '', '', '', '', '', '3164', 'Bestiasonica', 'Bestiasonica', '', '', 'autopatrolled,rollbacker', 'sysop', '', '', 'true', 'false', 'false', 'false', '2006-06-06 17:50:42.0', '2006-06-06 17:50:42.0', '2006-06-07 06:58:25.']
{('4284', '2010-12-02 11:57:06.0'): ['removed_flag', 'checkuser', 'checkuser,rollbacker,sysop'], ('2759', '2010-12-03 15:38:26.0'): ['granted_flag', 'autopatrolled', ''], ('5309', '2010-12-14 07:44:03.0'): ['granted_flag', 'autopatrolled', ''], ('39989', '2010-12-03 15:50:20.0'): ['granted_flag', 'autopatrolled', ''], ('15913', '2010-12-03 15:20:59.0'): ['granted_flag', 'autopatrolled', ''], ('7112', '2010-12-03 15:55:28.0'): ['granted_flag', 'autopatrolled', ''], ('1437', '2010-12-03 15:47:14.0'): ['granted_flag', 'autopatrolled', ''], ('14957', '2010-12-14 07:45:00.0'): ['granted_flag', 'autopatrolled', ''], ('12839', '2010-12-14 07:29:26.0'): ['granted_flag', 'autopatrolled', ''], ('9526', '2010-12-03 15:34:15.0'): ['granted_flag', 'autopatrolled', ''], ('5267', '2010-12-03 15:53:21.0'): ['granted_flag', 'autopatrolled', ''], ('7858', '2010-12-14 07:45:46.0'): ['granted_flag', 'autopatrolled', ''], ('4935', '2010-12-14 07:40:44.0'): ['granted_flag', 'autopatrolled', ''], ('9512', '2010-12-14 07:42:36.0'): ['granted_flag', 'autopatrolled', ''], ('3077', '2010-12-03 15:54:46.0'): ['granted_flag', 'autopatrolled', ''], ('7573', '2010-12-03 15:32:17.0'): ['granted_flag', 'autopatrolled', ''], ('3329', '2010-12-14 07:41:36.0'): ['granted_flag', 'autopatrolled', ''], ('3164', '2010-12-14 14:59:00.0'): ['granted_flag', 'rollbacker', 'autopatrolled'], ('4284', '2010-12-02 11:57:06'): ['removed_flag', 'rollbacker', 'checkuser,rollbacker,sysop'], ('3091', '2010-12-14 07:47:14.0'): ['granted_flag', 'autopatrolled', ''], ('4731', '2010-12-14 07:32:44.0'): ['granted_flag', 'autopatrolled', 'rollbacker'], ('17271', '2010-12-03 15:28:32.0'): ['granted_flag', 'autopatrolled', ''], ('26766', '2010-12-14 07:39:55.0'): ['granted_flag', 'autopatrolled', ''], ('26252', '2010-12-14 07:39:10.0'): ['granted_flag', 'autopatrolled', 'rollbacker'], ('4875', '2010-12-03 15:37:25.0'): ['granted_flag', 'autopatrolled', ''], ('3164', '2010-12-03 15:23:54.0'): ['granted_flag', 'autopatrolled', ''], ('29840', '2010-12-14 07:36:57.0'): ['granted_flag', 'autopatrolled', 'rollbacker'], ('14099', '2010-12-02 11:57:35.0'): ['removed_flag', 'rollbacker', 'rollbacker,sysop'], ('27286', '2010-12-04 10:48:15.0'): ['granted_flag', 'autopatrolled', 'rollbacker'], ('218', '2010-12-14 07:31:26.0'): ['granted_flag', 'autopatrolled', ''], ('10444', '2010-12-03 15:36:46.0'): ['granted_flag', 'autopatrolled', ''], ('12651', '2010-12-14 07:47:49.0'): ['granted_flag', 'autopatrolled', ''], ('2469', '2010-12-03 15:35:39.0'): ['granted_flag', 'autopatrolled', '']}
31990 31636
31990
898
end of the dump.
*
0:05:05.634358

/public/dumps/public/other/mediawiki_history/2021-03/cawiki/2021-03.cawiki.2011.tsv.bz2
2011-01-01 00:00:00 2010-12 2021-03
['cawiki', 'user', 'altergroups', '2011-01-08 12:44:29.0', '', '1063', 'Vriullop', 'Vriullop', '', '', 'sysop,bureaucrat', 'abusefilter,bureaucrat,interface-admin,sysop', '', '', 'false', 'false', 'false', 'false', '', '', '2005-06-09 15:54:31.0', '', '', '', '', '', '', '', '', '', '', '', '', '', '', '', '3164', 'Bestiasonica', 'Bestiasonica', '', '', 'sysop', 'sysop', '', '', 'true', 'false', 'false', 'false', '2006-06-06 17:50:42.0', '2006-06-06 17:50:42.0', '2006-06-07 06:58:25.']
{('3164', '2011-01-08 12:44:29'): ['removed_flag', 'rollbacker', 'autopatrolled,rollbacker'], ('17271', '2011-01-08 12:43:27.0'): ['removed_flag', 'autopatrolled', 'autopatrolled'], ('3164', '2011-01-08 12:44:29.0'): ['removed_flag', 'autopatrolled', 'autopatrolled,rollbacker'], ('12533', '2011-01-08 12:42:27.0'): ['removed_flag', 'autopatrolled', 'autopatrolled']}
2011-02-01 00:00:00 2011-01 2021-03
2011-03-01 00:00:00 2011-02 2021-03
2011-04-01 00:00:00 2011-03 2021-03
['cawiki', 'user', 'altergroups', '2011-04-14 10:33:37.0', '', '4731', 'Alex Esp', 'Àlex', '', '', 'sysop', '', '', '', 'true', 'false', 'false', 'false', '2006-12-23 00:17:12.0', '2006-12-23 00:17:12.0', '2006-12-23 00:26:07.0', '', '', '', '', '', '', '', '', '', '', '', '', '', '', '', '2469', 'Arnaugir', 'Arnaugir', '', '', 'autopatrolled,rollbacker', 'interface-admin,sysop', '', '', 'true', 'false', 'false', 'false', '2006-03-12 16:09:39.0', '2006-03-12 16:09:42.0', '2006-03-17 12:47:23.']
{('28946', '2011-04-14 09:58:31.0'): ['granted_flag', 'autopatrolled', ''], ('42103', '2011-04-05 19:57:35.0'): ['granted_flag', 'autopatrolled', ''], ('4767', '2011-04-14 09:58:46.0'): ['granted_flag', 'autopatrolled', ''], ('9212', '2011-04-14 09:57:30.0'): ['granted_flag', 'autopatrolled', ''], ('2469', '2011-04-14 10:33:37.0'): ['granted_flag', 'rollbacker', 'autopatrolled'], ('49205', '2011-04-05 19:58:46.0'): ['granted_flag', 'autopatrolled', ''], ('3845', '2011-04-05 19:55:41.0'): ['granted_flag', 'autopatrolled', ''], ('5359', '2011-04-14 09:58:09.0'): ['granted_flag', 'autopatrolled', ''], ('1611', '2011-04-05 19:58:26.0'): ['granted_flag', 'autopatrolled', ''], ('4266', '2011-04-14 09:57:49.0'): ['granted_flag', 'autopatrolled', ''], ('35692', '2011-04-05 19:56:14.0'): ['granted_flag', 'autopatrolled', '']}
2011-05-01 00:00:00 2011-04 2021-03
2011-06-01 00:00:00 2011-05 2021-03
2011-07-01 00:00:00 2011-06 2021-03
2011-08-01 00:00:00 2011-07 2021-03
2011-09-01 00:00:00 2011-08 2021-03
2011-10-01 00:00:00 2011-09 2021-03
['cawiki', 'user', 'altergroups', '2011-10-08 13:40:08.0', '', '2117', 'Lohen11', 'Lohen11', '', '', 'sysop', 'sysop', '', '', 'true', 'false', 'false', 'false', '2006-01-10 15:44:50.0', '2006-01-10 15:44:50.0', '2006-01-10 15:46:35.0', '', '', '', '', '', '', '', '', '', '', '', '', '', '', '', '7288', 'Jey', 'Jey', '', '', 'autopatrolled', 'sysop', '', '', 'true', 'false', 'false', 'false', '2007-07-08 02:16:39.0', '2007-07-08 02:16:39.0', '2007-07-08 10:29:02.']
{('7288', '2011-10-08 13:40:08.0'): ['granted_flag', 'autopatrolled', ''], ('6640', '2011-10-08 13:39:34.0'): ['granted_flag', 'autopatrolled', '']}
2011-11-01 00:00:00 2011-10 2021-03
2011-12-01 00:00:00 2011-11 2021-03
27165 26752
27165
767
end of the dump.
*
0:05:15.826859

/public/dumps/public/other/mediawiki_history/2021-03/cawiki/2021-03.cawiki.2012.tsv.bz2
2012-01-01 00:00:00 2011-12 2021-03
2012-02-01 00:00:00 2012-01 2021-03
2012-03-01 00:00:00 2012-02 2021-03
2012-04-01 00:00:00 2012-03 2021-03
2012-05-01 00:00:00 2012-04 2021-03
2012-06-01 00:00:00 2012-05 2021-03
2012-07-01 00:00:00 2012-06 2021-03
2012-08-01 00:00:00 2012-07 2021-03
2012-09-01 00:00:00 2012-08 2021-03
2012-10-01 00:00:00 2012-09 2021-03
2012-11-01 00:00:00 2012-10 2021-03
2012-12-01 00:00:00 2012-11 2021-03
34017 33697
34017
690
end of the dump.
*
0:05:08.646567

/public/dumps/public/other/mediawiki_history/2021-03/cawiki/2021-03.cawiki.2013.tsv.bz2
2013-01-01 00:00:00 2012-12 2021-03
2013-02-01 00:00:00 2013-01 2021-03
2013-03-01 00:00:00 2013-02 2021-03
['cawiki', 'user', 'altergroups', '2013-03-02 08:40:28.0', '', '1063', 'Vriullop', 'Vriullop', '', '', 'bureaucrat,sysop,abusefilter', 'abusefilter,bureaucrat,interface-admin,sysop', '', '', 'false', 'false', 'false', 'false', '', '', '2005-06-09 15:54:31.0', '', '', '', '', '', '', '', '', '', '', '', '', '', '', '', '2469', 'Arnaugir', 'Arnaugir', '', '', 'sysop', 'interface-admin,sysop', '', '', 'true', 'false', 'false', 'false', '2006-03-12 16:09:39.0', '2006-03-12 16:09:42.0', '2006-03-17 12:47:23.']
{('2469', '2013-03-02 08:40:28'): ['removed_flag', 'rollbacker', 'autopatrolled,rollbacker'], ('2730', '2013-03-02 08:37:58.0'): ['granted_flag', 'sysop', 'autopatrolled'], ('2469', '2013-03-02 08:40:28.0'): ['removed_flag', 'autopatrolled', 'autopatrolled,rollbacker']}
['cawiki', 'user', 'altergroups', '2013-03-02 08:41:19.0', '', '1063', 'Vriullop', 'Vriullop', '', '', 'bureaucrat,sysop,abusefilter', 'abusefilter,bureaucrat,interface-admin,sysop', '', '', 'false', 'false', 'false', 'false', '', '', '2005-06-09 15:54:31.0', '', '', '', '', '', '', '', '', '', '', '', '', '', '', '', '7573', 'Flamenc', 'Flamenc', '', '', 'sysop', 'sysop', '', '', 'true', 'false', 'false', 'false', '2007-08-10 21:52:48.0', '2007-08-10 21:52:48.0', '2007-08-10 22:11:43.']
{('2469', '2013-03-02 08:40:28'): ['removed_flag', 'rollbacker', 'autopatrolled,rollbacker'], ('2730', '2013-03-02 08:37:58.0'): ['granted_flag', 'sysop', 'autopatrolled'], ('2469', '2013-03-02 08:40:28.0'): ['removed_flag', 'autopatrolled', 'autopatrolled,rollbacker'], ('7573', '2013-03-02 08:41:19.0'): ['removed_flag', 'autopatrolled', 'autopatrolled']}
['cawiki', 'user', 'altergroups', '2013-03-28 13:24:53.0', '', '1315', 'Coet', 'Coet', '', '', 'checkuser,sysop,abusefilter', 'abusefilter', '', '', 'false', 'false', 'false', 'false', '', '', '2005-11-12 17:34:11.0', '', '', '', '', '', '', '', '', '', '', '', '', '', '', '', '1315', 'Coet', 'Coet', '', '', 'checkuser,sysop,abusefilter', 'abusefilter', '', '', 'false', 'false', 'false', 'false', '', '', '2005-11-12 17:34:11.']
{('63', '2013-03-24 09:00:37.0'): ['granted_flag', 'autopatrolled', ''], ('2469', '2013-03-02 08:40:28'): ['removed_flag', 'rollbacker', 'autopatrolled,rollbacker'], ('2730', '2013-03-02 08:37:58.0'): ['granted_flag', 'sysop', 'autopatrolled'], ('2469', '2013-03-02 08:40:28.0'): ['removed_flag', 'autopatrolled', 'autopatrolled,rollbacker'], ('7573', '2013-03-02 08:41:19.0'): ['removed_flag', 'autopatrolled', 'autopatrolled'], ('127024', '2013-03-08 08:35:05.0'): ['granted_flag', 'autopatrolled', ''], ('1315', '2013-03-28 13:24:53'): ['granted_flag', '', 'sysop'], ('138652', '2013-03-02 15:57:04.0'): ['granted_flag', 'bot', ''], ('125919', '2013-03-06 18:28:03.0'): ['granted_flag', 'bot', ''], ('1315', '2013-03-28 13:24:53.0'): ['granted_flag', 'checkuser', 'sysop']}
2013-04-01 00:00:00 2013-03 2021-03
2013-05-01 00:00:00 2013-04 2021-03
2013-06-01 00:00:00 2013-05 2021-03
2013-07-01 00:00:00 2013-06 2021-03
2013-08-01 00:00:00 2013-07 2021-03
2013-09-01 00:00:00 2013-08 2021-03
2013-10-01 00:00:00 2013-09 2021-03
2013-11-01 00:00:00 2013-10 2021-03
2013-12-01 00:00:00 2013-11 2021-03
31546 31317
31546
558
end of the dump.
*
0:05:35.295147

/public/dumps/public/other/mediawiki_history/2021-03/cawiki/2021-03.cawiki.2014.tsv.bz2
2014-01-01 00:00:00 2013-12 2021-03
['cawiki', 'user', 'altergroups', '2014-01-04 09:27:07.0', '', '1960', 'Paucabot', 'Paucabot', '', '', 'bureaucrat,sysop', 'bureaucrat,sysop', 'name', 'name', 'true', 'false', 'false', 'false', '', '2005-12-10 22:50:23.0', '2005-12-10 22:52:52.0', '', '', '', '', '', '', '', '', '', '', '', '', '', '', '', '2756', 'Yuanga', 'Yuanga', '', '', 'autopatrolled', 'sysop', '', '', 'true', 'false', 'false', 'false', '2006-04-17 08:34:00.0', '2006-04-17 08:34:00.0', '2006-04-17 08:37:17.']
{('102861', '2014-01-04 09:26:35.0'): ['granted_flag', 'autopatrolled', ''], ('2756', '2014-01-04 09:27:07.0'): ['granted_flag', 'autopatrolled', ''], ('157393', '2014-01-01 12:24:23.0'): ['granted_flag', 'autopatrolled', '']}
['cawiki', 'user', 'altergroups', '2014-01-04 09:27:48.0', '', '1960', 'Paucabot', 'Paucabot', '', '', 'bureaucrat,sysop', 'bureaucrat,sysop', 'name', 'name', 'true', 'false', 'false', 'false', '', '2005-12-10 22:50:23.0', '2005-12-10 22:52:52.0', '', '', '', '', '', '', '', '', '', '', '', '', '', '', '', '152662', 'Medol', 'Medol', '', '', 'autopatrolled', 'sysop', '', '', 'true', 'false', 'false', 'false', '2013-09-02 07:49:30.0', '2013-09-02 07:49:30.0', '2013-09-02 10:38:26.']
{('102861', '2014-01-04 09:26:35.0'): ['granted_flag', 'autopatrolled', ''], ('2756', '2014-01-04 09:27:07.0'): ['granted_flag', 'autopatrolled', ''], ('152662', '2014-01-04 09:27:48.0'): ['granted_flag', 'autopatrolled', ''], ('26347', '2014-01-04 09:27:31.0'): ['granted_flag', 'autopatrolled', ''], ('157393', '2014-01-01 12:24:23.0'): ['granted_flag', 'autopatrolled', '']}
2014-02-01 00:00:00 2014-01 2021-03
['cawiki', 'user', 'altergroups', '2014-02-11 12:40:14.0', '', '1063', 'Vriullop', 'Vriullop', '', '', 'bureaucrat,sysop,abusefilter', 'abusefilter,bureaucrat,interface-admin,sysop', '', '', 'false', 'false', 'false', 'false', '', '', '2005-06-09 15:54:31.0', '', '', '', '', '', '', '', '', '', '', '', '', '', '', '', '2756', 'Yuanga', 'Yuanga', '', '', 'autopatrolled,rollbacker', 'sysop', '', '', 'true', 'false', 'false', 'false', '2006-04-17 08:34:00.0', '2006-04-17 08:34:00.0', '2006-04-17 08:37:17.']
{('3802', '2014-02-11 12:39:53.0'): ['granted_flag', 'rollbacker', 'autopatrolled'], ('33167', '2014-02-04 14:11:18.0'): ['granted_flag', 'autopatrolled', ''], ('3802', '2014-02-04 14:10:31.0'): ['granted_flag', 'autopatrolled', ''], ('2756', '2014-02-11 12:40:14.0'): ['granted_flag', 'rollbacker', 'autopatrolled'], ('42487', '2014-02-04 14:11:47.0'): ['granted_flag', 'autopatrolled', '']}
2014-03-01 00:00:00 2014-02 2021-03
2014-04-01 00:00:00 2014-03 2021-03
2014-05-01 00:00:00 2014-04 2021-03
2014-06-01 00:00:00 2014-05 2021-03
2014-07-01 00:00:00 2014-06 2021-03
2014-08-01 00:00:00 2014-07 2021-03
2014-09-01 00:00:00 2014-08 2021-03
2014-10-01 00:00:00 2014-09 2021-03
2014-11-01 00:00:00 2014-10 2021-03
2014-12-01 00:00:00 2014-11 2021-03
['cawiki', 'user', 'altergroups', '2014-12-02 11:13:29.0', '', '2469', 'Arnaugir', 'Arnaugir', '', '', 'sysop', 'interface-admin,sysop', '', '', 'true', 'false', 'false', 'false', '2006-03-12 16:09:39.0', '2006-03-12 16:09:42.0', '2006-03-17 12:47:23.0', '', '', '', '', '', '', '', '', '', '', '', '', '', '', '', '14550', 'Tomeu87', 'Tomeu87', '', '', 'autopatrolled', 'autopatrolled', '', '', 'true', 'false', 'false', 'false', '2008-06-14 13:47:25.0', '2008-06-14 13:47:26.0', '2008-06-14 14:06:16.']
{('14550', '2014-12-02 11:13:29.0'): ['granted_flag', 'autopatrolled', ''], ('3434', '2014-12-02 11:13:00.0'): ['granted_flag', 'autopatrolled', ''], ('176747', '2014-12-02 11:12:52.0'): ['granted_flag', 'autopatrolled', ''], ('162261', '2014-12-02 11:13:10.0'): ['granted_flag', 'autopatrolled', ''], ('136459', '2014-12-02 11:13:20.0'): ['granted_flag', 'autopatrolled', '']}
30311 30094
30311
647
end of the dump.
*
0:05:15.766767

/public/dumps/public/other/mediawiki_history/2021-03/cawiki/2021-03.cawiki.2015.tsv.bz2
2015-01-01 00:00:00 2014-12 2021-03
2015-02-01 00:00:00 2015-01 2021-03
2015-03-01 00:00:00 2015-02 2021-03
2015-04-01 00:00:00 2015-03 2021-03
2015-05-01 00:00:00 2015-04 2021-03
2015-06-01 00:00:00 2015-05 2021-03
2015-07-01 00:00:00 2015-06 2021-03
2015-08-01 00:00:00 2015-07 2021-03
2015-09-01 00:00:00 2015-08 2021-03
2015-10-01 00:00:00 2015-09 2021-03
['cawiki', 'user', 'altergroups', '2015-10-29 19:06:10.0', '', '1960', 'Paucabot', 'Paucabot', '', '', 'bureaucrat,sysop', 'bureaucrat,sysop', 'name', 'name', 'true', 'false', 'false', 'false', '', '2005-12-10 22:50:23.0', '2005-12-10 22:52:52.0', '', '', '', '', '', '', '', '', '', '', '', '', '', '', '', '28039', 'Papapep', 'Papapep', '', '', 'rollbacker', 'sysop', '', '', 'true', 'false', 'false', 'false', '2009-02-18 08:33:07.0', '2009-02-18 08:33:09.0', '2009-05-31 14:20:42.']
{('5936', '2015-10-03 17:20:30.0'): ['granted_flag', 'autopatrolled', ''], ('81871', '2015-10-22 16:26:19.0'): ['granted_flag', 'accountcreator', 'autopatrolled,rollbacker'], ('28039', '2015-10-29 19:06:10.0'): ['granted_flag', 'rollbacker', ''], ('155509', '2015-10-08 19:44:56.0'): ['granted_flag', 'autopatrolled', ''], ('98505', '2015-10-10 14:34:35.0'): ['granted_flag', 'autopatrolled', ''], ('5936', '2015-10-03 17:20:30'): ['granted_flag', 'rollbacker', '']}
2015-11-01 00:00:00 2015-10 2021-03
['cawiki', 'user', 'altergroups', '2015-11-04 19:02:09.0', '', '1960', 'Paucabot', 'Paucabot', '', '', 'bureaucrat,sysop', 'bureaucrat,sysop', 'name', 'name', 'true', 'false', 'false', 'false', '', '2005-12-10 22:50:23.0', '2005-12-10 22:52:52.0', '', '', '', '', '', '', '', '', '', '', '', '', '', '', '', '28039', 'Papapep', 'Papapep', '', '', 'rollbacker,autopatrolled', 'sysop', '', '', 'true', 'false', 'false', 'false', '2009-02-18 08:33:07.0', '2009-02-18 08:33:09.0', '2009-05-31 14:20:42.']
{('28039', '2015-11-04 19:02:09.0'): ['granted_flag', 'autopatrolled', 'rollbacker']}
2015-12-01 00:00:00 2015-11 2021-03
36405 36155
36405
696
end of the dump.
*
0:04:47.977681

/public/dumps/public/other/mediawiki_history/2021-03/cawiki/2021-03.cawiki.2016.tsv.bz2
2016-01-01 00:00:00 2015-12 2021-03
2016-02-01 00:00:00 2016-01 2021-03
2016-03-01 00:00:00 2016-02 2021-03
2016-04-01 00:00:00 2016-03 2021-03
2016-05-01 00:00:00 2016-04 2021-03
2016-06-01 00:00:00 2016-05 2021-03
2016-07-01 00:00:00 2016-06 2021-03
2016-08-01 00:00:00 2016-07 2021-03
2016-09-01 00:00:00 2016-08 2021-03
2016-10-01 00:00:00 2016-09 2021-03
2016-11-01 00:00:00 2016-10 2021-03
2016-12-01 00:00:00 2016-11 2021-03
['cawiki', 'user', 'altergroups', '2016-12-23 12:56:13.0', '', '1063', 'Vriullop', 'Vriullop', '', '', 'bureaucrat,sysop,abusefilter', 'abusefilter,bureaucrat,interface-admin,sysop', '', '', 'false', 'false', 'false', 'false', '', '', '2005-06-09 15:54:31.0', '', '', '', '', '', '', '', '', '', '', '', '', '', '', '', '28039', 'Papapep', 'Papapep', '', '', 'autopatrolled,rollbacker,sysop', 'sysop', '', '', 'true', 'false', 'false', 'false', '2009-02-18 08:33:07.0', '2009-02-18 08:33:09.0', '2009-05-31 14:20:42.']
{('98122', '2016-12-04 14:57:15.0'): ['granted_flag', 'rollbacker', 'autopatrolled'], ('19582', '2016-12-03 11:13:03.0'): ['granted_flag', 'rollbacker', 'autopatrolled'], ('192834', '2016-12-16 16:36:03.0'): ['granted_flag', 'autopatrolled', ''], ('149064', '2016-12-03 11:22:06.0'): ['granted_flag', 'autopatrolled', ''], ('184175', '2016-12-16 16:33:43.0'): ['granted_flag', 'autopatrolled', ''], ('1993', '2016-12-16 16:35:23.0'): ['granted_flag', 'autopatrolled', ''], ('1543', '2016-12-02 13:14:44.0'): ['granted_flag', 'autopatrolled', ''], ('28039', '2016-12-23 12:56:13'): ['granted_flag', 'rollbacker', 'rollbacker,autopatrolled'], ('4126', '2016-12-16 15:04:03.0'): ['granted_flag', 'autopatrolled', ''], ('28039', '2016-12-23 12:56:13.0'): ['granted_flag', 'autopatrolled', 'rollbacker,autopatrolled'], ('65047', '2016-12-16 16:35:50.0'): ['granted_flag', 'autopatrolled', ''], ('546', '2016-12-16 14:59:45.0'): ['granted_flag', 'autopatrolled', ''], ('235274', '2016-12-16 15:01:08.0'): ['granted_flag', 'autopatrolled', ''], ('244810', '2016-12-18 18:04:08.0'): ['granted_flag', 'bot', '']}
['cawiki', 'user', 'altergroups', '2016-12-24 08:26:03.0', '', '1063', 'Vriullop', 'Vriullop', '', '', 'bureaucrat,sysop,abusefilter', 'abusefilter,bureaucrat,interface-admin,sysop', '', '', 'false', 'false', 'false', 'false', '', '', '2005-06-09 15:54:31.0', '', '', '', '', '', '', '', '', '', '', '', '', '', '', '', '152662', 'Medol', 'Medol', '', '', 'sysop', 'sysop', '', '', 'true', 'false', 'false', 'false', '2013-09-02 07:49:30.0', '2013-09-02 07:49:30.0', '2013-09-02 10:38:26.']
{('98122', '2016-12-04 14:57:15.0'): ['granted_flag', 'rollbacker', 'autopatrolled'], ('19582', '2016-12-03 11:13:03.0'): ['granted_flag', 'rollbacker', 'autopatrolled'], ('192834', '2016-12-16 16:36:03.0'): ['granted_flag', 'autopatrolled', ''], ('149064', '2016-12-03 11:22:06.0'): ['granted_flag', 'autopatrolled', ''], ('184175', '2016-12-16 16:33:43.0'): ['granted_flag', 'autopatrolled', ''], ('43323', '2016-12-23 19:45:32.0'): ['granted_flag', 'sysop', 'autopatrolled,rollbacker'], ('1993', '2016-12-16 16:35:23.0'): ['granted_flag', 'autopatrolled', ''], ('1543', '2016-12-02 13:14:44.0'): ['granted_flag', 'autopatrolled', ''], ('28039', '2016-12-23 12:56:13'): ['granted_flag', 'rollbacker', 'rollbacker,autopatrolled'], ('4126', '2016-12-16 15:04:03.0'): ['granted_flag', 'autopatrolled', ''], ('28039', '2016-12-23 12:56:13.0'): ['granted_flag', 'autopatrolled', 'rollbacker,autopatrolled'], ('152662', '2016-12-24 08:26:03.0'): ['removed_flag', 'autopatrolled', 'autopatrolled'], ('65047', '2016-12-16 16:35:50.0'): ['granted_flag', 'autopatrolled', ''], ('45931', '2016-12-24 08:17:42.0'): ['granted_flag', 'sysop', 'autopatrolled,rollbacker'], ('546', '2016-12-16 14:59:45.0'): ['granted_flag', 'autopatrolled', ''], ('235274', '2016-12-16 15:01:08.0'): ['granted_flag', 'autopatrolled', ''], ('244810', '2016-12-18 18:04:08.0'): ['granted_flag', 'bot', '']}
['cawiki', 'user', 'altergroups', '2016-12-25 18:09:56.0', '', '1063', 'Vriullop', 'Vriullop', '', '', 'bureaucrat,sysop,abusefilter', 'abusefilter,bureaucrat,interface-admin,sysop', '', '', 'false', 'false', 'false', 'false', '', '', '2005-06-09 15:54:31.0', '', '', '', '', '', '', '', '', '', '', '', '', '', '', '', '7288', 'Jey', 'Jey', '', '', 'sysop', 'sysop', '', '', 'true', 'false', 'false', 'false', '2007-07-08 02:16:39.0', '2007-07-08 02:16:39.0', '2007-07-08 10:29:02.']
{('98122', '2016-12-04 14:57:15.0'): ['granted_flag', 'rollbacker', 'autopatrolled'], ('19582', '2016-12-03 11:13:03.0'): ['granted_flag', 'rollbacker', 'autopatrolled'], ('192834', '2016-12-16 16:36:03.0'): ['granted_flag', 'autopatrolled', ''], ('7288', '2016-12-25 18:09:56.0'): ['removed_flag', 'autopatrolled', 'autopatrolled'], ('149064', '2016-12-03 11:22:06.0'): ['granted_flag', 'autopatrolled', ''], ('184175', '2016-12-16 16:33:43.0'): ['granted_flag', 'autopatrolled', ''], ('43323', '2016-12-23 19:45:32.0'): ['granted_flag', 'sysop', 'autopatrolled,rollbacker'], ('1993', '2016-12-16 16:35:23.0'): ['granted_flag', 'autopatrolled', ''], ('1543', '2016-12-02 13:14:44.0'): ['granted_flag', 'autopatrolled', ''], ('28039', '2016-12-23 12:56:13'): ['granted_flag', 'rollbacker', 'rollbacker,autopatrolled'], ('4126', '2016-12-16 15:04:03.0'): ['granted_flag', 'autopatrolled', ''], ('28039', '2016-12-23 12:56:13.0'): ['granted_flag', 'autopatrolled', 'rollbacker,autopatrolled'], ('152662', '2016-12-24 08:26:03.0'): ['removed_flag', 'autopatrolled', 'autopatrolled'], ('65047', '2016-12-16 16:35:50.0'): ['granted_flag', 'autopatrolled', ''], ('45931', '2016-12-24 08:17:42.0'): ['granted_flag', 'sysop', 'autopatrolled,rollbacker'], ('546', '2016-12-16 14:59:45.0'): ['granted_flag', 'autopatrolled', ''], ('235274', '2016-12-16 15:01:08.0'): ['granted_flag', 'autopatrolled', ''], ('244810', '2016-12-18 18:04:08.0'): ['granted_flag', 'bot', '']}
['cawiki', 'user', 'altergroups', '2016-12-25 18:12:44.0', '', '1063', 'Vriullop', 'Vriullop', '', '', 'bureaucrat,sysop,abusefilter', 'abusefilter,bureaucrat,interface-admin,sysop', '', '', 'false', 'false', 'false', 'false', '', '', '2005-06-09 15:54:31.0', '', '', '', '', '', '', '', '', '', '', '', '', '', '', '', '2756', 'Yuanga', 'Yuanga', '', '', 'sysop', 'sysop', '', '', 'true', 'false', 'false', 'false', '2006-04-17 08:34:00.0', '2006-04-17 08:34:00.0', '2006-04-17 08:37:17.']
{('98122', '2016-12-04 14:57:15.0'): ['granted_flag', 'rollbacker', 'autopatrolled'], ('2756', '2016-12-25 18:12:44'): ['removed_flag', 'rollbacker', 'autopatrolled,rollbacker'], ('19582', '2016-12-03 11:13:03.0'): ['granted_flag', 'rollbacker', 'autopatrolled'], ('192834', '2016-12-16 16:36:03.0'): ['granted_flag', 'autopatrolled', ''], ('7288', '2016-12-25 18:09:56.0'): ['removed_flag', 'autopatrolled', 'autopatrolled'], ('149064', '2016-12-03 11:22:06.0'): ['granted_flag', 'autopatrolled', ''], ('184175', '2016-12-16 16:33:43.0'): ['granted_flag', 'autopatrolled', ''], ('43323', '2016-12-23 19:45:32.0'): ['granted_flag', 'sysop', 'autopatrolled,rollbacker'], ('1993', '2016-12-16 16:35:23.0'): ['granted_flag', 'autopatrolled', ''], ('1543', '2016-12-02 13:14:44.0'): ['granted_flag', 'autopatrolled', ''], ('28039', '2016-12-23 12:56:13'): ['granted_flag', 'rollbacker', 'rollbacker,autopatrolled'], ('4126', '2016-12-16 15:04:03.0'): ['granted_flag', 'autopatrolled', ''], ('28039', '2016-12-23 12:56:13.0'): ['granted_flag', 'autopatrolled', 'rollbacker,autopatrolled'], ('152662', '2016-12-24 08:26:03.0'): ['removed_flag', 'autopatrolled', 'autopatrolled'], ('65047', '2016-12-16 16:35:50.0'): ['granted_flag', 'autopatrolled', ''], ('2756', '2016-12-25 18:12:44.0'): ['removed_flag', 'autopatrolled', 'autopatrolled,rollbacker'], ('45931', '2016-12-24 08:17:42.0'): ['granted_flag', 'sysop', 'autopatrolled,rollbacker'], ('546', '2016-12-16 14:59:45.0'): ['granted_flag', 'autopatrolled', ''], ('235274', '2016-12-16 15:01:08.0'): ['granted_flag', 'autopatrolled', ''], ('244810', '2016-12-18 18:04:08.0'): ['granted_flag', 'bot', '']}
31889 31616
31889
666
end of the dump.
*
0:04:47.443074

/public/dumps/public/other/mediawiki_history/2021-03/cawiki/2021-03.cawiki.2017.tsv.bz2
2017-01-01 00:00:00 2016-12 2021-03
2017-02-01 00:00:00 2017-01 2021-03
2017-03-01 00:00:00 2017-02 2021-03
['cawiki', 'user', 'altergroups', '2017-03-19 08:07:35.0', '', '1960', 'Paucabot', 'Paucabot', '', '', 'bureaucrat,sysop', 'bureaucrat,sysop', 'name', 'name', 'true', 'false', 'false', 'false', '', '2005-12-10 22:50:23.0', '2005-12-10 22:52:52.0', '', '', '', '', '', '', '', '', '', '', '', '', '', '', '', '28039', 'Papapep', 'Papapep', '', '', 'sysop', 'sysop', '', '', 'true', 'false', 'false', 'false', '2009-02-18 08:33:07.0', '2009-02-18 08:33:09.0', '2009-05-31 14:20:42.']
{('28039', '2017-03-19 08:07:35.0'): ['removed_flag', 'autopatrolled', 'autopatrolled,rollbacker,sysop'], ('45931', '2017-03-19 08:07:12.0'): ['removed_flag', 'autopatrolled', 'autopatrolled,rollbacker,sysop'], ('80690', '2017-03-06 19:57:36.0'): ['granted_flag', 'autopatrolled', ''], ('28039', '2017-03-19 08:07:35'): ['removed_flag', 'rollbacker', 'autopatrolled,rollbacker,sysop'], ('45931', '2017-03-19 08:07:12'): ['removed_flag', 'rollbacker', 'autopatrolled,rollbacker,sysop'], ('21600', '2017-03-06 19:57:21.0'): ['granted_flag', 'autopatrolled', '']}
2017-04-01 00:00:00 2017-03 2021-03
2017-05-01 00:00:00 2017-04 2021-03
2017-06-01 00:00:00 2017-05 2021-03
2017-07-01 00:00:00 2017-06 2021-03
2017-08-01 00:00:00 2017-07 2021-03
2017-09-01 00:00:00 2017-08 2021-03
2017-10-01 00:00:00 2017-09 2021-03
2017-11-01 00:00:00 2017-10 2021-03
2017-12-01 00:00:00 2017-11 2021-03
36974 36700
36974
666
end of the dump.
*
0:04:24.599748

/public/dumps/public/other/mediawiki_history/2021-03/cawiki/2021-03.cawiki.2018.tsv.bz2
2018-01-01 00:00:00 2017-12 2021-03
2018-02-01 00:00:00 2018-01 2021-03
2018-03-01 00:00:00 2018-02 2021-03
2018-04-01 00:00:00 2018-03 2021-03
2018-05-01 00:00:00 2018-04 2021-03
2018-06-01 00:00:00 2018-05 2021-03
2018-07-01 00:00:00 2018-06 2021-03
2018-08-01 00:00:00 2018-07 2021-03
['cawiki', 'user', 'altergroups', '2018-08-06 08:24:34.0', '', '1063', 'Vriullop', 'Vriullop', '', '', 'bureaucrat,sysop,abusefilter', 'abusefilter,bureaucrat,interface-admin,sysop', '', '', 'false', 'false', 'false', 'false', '', '', '2005-06-09 15:54:31.0', '', '', '', '', '', '', '', '', '', '', '', '', '', '', '', '2469', 'Arnaugir', 'Arnaugir', '', '', 'sysop,interface-admin', 'interface-admin,sysop', '', '', 'true', 'false', 'false', 'false', '2006-03-12 16:09:39.0', '2006-03-12 16:09:42.0', '2006-03-17 12:47:23.']
{('2469', '2018-08-06 08:24:34.0'): ['granted_flag', 'interface-admin', 'sysop']}
2018-09-01 00:00:00 2018-08 2021-03
2018-10-01 00:00:00 2018-09 2021-03
2018-11-01 00:00:00 2018-10 2021-03
2018-12-01 00:00:00 2018-11 2021-03
38527 38249
38527
683
end of the dump.
*
0:04:05.419473

/public/dumps/public/other/mediawiki_history/2021-03/cawiki/2021-03.cawiki.2019.tsv.bz2
2019-01-01 00:00:00 2018-12 2021-03
2019-02-01 00:00:00 2019-01 2021-03
2019-03-01 00:00:00 2019-02 2021-03
2019-04-01 00:00:00 2019-03 2021-03
2019-05-01 00:00:00 2019-04 2021-03
2019-06-01 00:00:00 2019-05 2021-03
2019-07-01 00:00:00 2019-06 2021-03
2019-08-01 00:00:00 2019-07 2021-03
2019-09-01 00:00:00 2019-08 2021-03
2019-10-01 00:00:00 2019-09 2021-03
2019-11-01 00:00:00 2019-10 2021-03
2019-12-01 00:00:00 2019-11 2021-03
['cawiki', 'user', 'altergroups', '2019-12-30 13:01:53.0', '', '1960', 'Paucabot', 'Paucabot', '', '', 'bureaucrat,sysop', 'bureaucrat,sysop', 'name', 'name', 'true', 'false', 'false', 'false', '', '2005-12-10 22:50:23.0', '2005-12-10 22:52:52.0', '', '', '', '', '', '', '', '', '', '', '', '', '', '', '', '91299', 'Gelatdeneu', 'Gelatdeneu', '', '', 'autopatrolled', 'autopatrolled', '', '', 'true', 'false', 'false', 'false', '2011-07-08 09:46:51.0', '2011-07-08 09:46:52.0', '2011-07-08 19:33:24.']
{('250698', '2019-12-30 12:59:10.0'): ['granted_flag', 'autopatrolled', ''], ('108680', '2019-12-30 12:57:58.0'): ['granted_flag', 'autopatrolled', ''], ('312816', '2019-12-30 12:57:47.0'): ['granted_flag', 'autopatrolled', ''], ('137517', '2019-12-30 13:00:07.0'): ['granted_flag', 'autopatrolled', ''], ('255167', '2019-12-30 12:58:39.0'): ['granted_flag', 'autopatrolled', ''], ('84275', '2019-12-30 13:00:27.0'): ['granted_flag', 'autopatrolled', ''], ('295537', '2019-12-30 13:01:21.0'): ['granted_flag', 'autopatrolled', ''], ('328304', '2019-12-30 12:59:56.0'): ['granted_flag', 'autopatrolled', ''], ('134576', '2019-12-30 12:59:31.0'): ['granted_flag', 'autopatrolled', ''], ('321450', '2019-12-30 13:00:59.0'): ['granted_flag', 'autopatrolled', ''], ('91299', '2019-12-30 13:01:53.0'): ['granted_flag', 'autopatrolled', ''], ('182345', '2019-12-28 07:12:40.0'): ['granted_flag', 'autopatrolled', ''], ('296332', '2019-12-30 12:59:22.0'): ['granted_flag', 'autopatrolled', ''], ('314600', '2019-12-30 12:58:25.0'): ['granted_flag', 'autopatrolled', '']}
36104 35819
36104
688
end of the dump.
*
0:05:16.733027

/public/dumps/public/other/mediawiki_history/2021-03/cawiki/2021-03.cawiki.2020.tsv.bz2
2020-01-01 00:00:00 2019-12 2021-03
2020-02-01 00:00:00 2020-01 2021-03
2020-03-01 00:00:00 2020-02 2021-03
2020-04-01 00:00:00 2020-03 2021-03
2020-05-01 00:00:00 2020-04 2021-03
2020-06-01 00:00:00 2020-05 2021-03
2020-07-01 00:00:00 2020-06 2021-03
2020-08-01 00:00:00 2020-07 2021-03
2020-09-01 00:00:00 2020-08 2021-03
2020-10-01 00:00:00 2020-09 2021-03
2020-11-01 00:00:00 2020-10 2021-03
2020-12-01 00:00:00 2020-11 2021-03
35939 35629
35939
765
end of the dump.
*
0:07:55.501332

/public/dumps/public/other/mediawiki_history/2021-03/cawiki/2021-03.cawiki.2021.tsv.bz2
2021-01-01 00:00:00 2020-12 2021-03
2021-02-01 00:00:00 2021-01 2021-03
2021-03-01 00:00:00 2021-02 2021-03
2021-04-01 00:00:00 2021-03 2021-03
11809 11425
11809
66
end of the dump.
*
0:02:23.233824
Number of editors for each flag
{'rollbacker': 44, 'checkuser': 2, 'ipblock-exempt': 2, 'abusefilter': 4, 'sysop': 20, 'bureaucrat': 2, 'flow-bot': 1, 'bot': 3, 'interface-admin': 4, 'accountcreator': 9, 'autopatrolled': 288}
Updated the editors table with highest flag
Updated the editors table with the year month they obtained the highest flag.
Updated the table with the bots from flag.
ca editor_metrics_dump_iterator ca 1:19:16.854232
dump iterator done.

editor_metrics_db_iterator ca
/public/dumps/public/other/mediawiki_history/2021-03
multiple files.
21
['/public/dumps/public/other/mediawiki_history/2021-03/cawiki/2021-03.cawiki.2001.tsv.bz2', '/public/dumps/public/other/mediawiki_history/2021-03/cawiki/2021-03.cawiki.2002.tsv.bz2', '/public/dumps/public/other/mediawiki_history/2021-03/cawiki/2021-03.cawiki.2003.tsv.bz2', '/public/dumps/public/other/mediawiki_history/2021-03/cawiki/2021-03.cawiki.2004.tsv.bz2', '/public/dumps/public/other/mediawiki_history/2021-03/cawiki/2021-03.cawiki.2005.tsv.bz2', '/public/dumps/public/other/mediawiki_history/2021-03/cawiki/2021-03.cawiki.2006.tsv.bz2', '/public/dumps/public/other/mediawiki_history/2021-03/cawiki/2021-03.cawiki.2007.tsv.bz2', '/public/dumps/public/other/mediawiki_history/2021-03/cawiki/2021-03.cawiki.2008.tsv.bz2', '/public/dumps/public/other/mediawiki_history/2021-03/cawiki/2021-03.cawiki.2009.tsv.bz2', '/public/dumps/public/other/mediawiki_history/2021-03/cawiki/2021-03.cawiki.2010.tsv.bz2', '/public/dumps/public/other/mediawiki_history/2021-03/cawiki/2021-03.cawiki.2011.tsv.bz2', '/public/dumps/public/other/mediawiki_history/2021-03/cawiki/2021-03.cawiki.2012.tsv.bz2', '/public/dumps/public/other/mediawiki_history/2021-03/cawiki/2021-03.cawiki.2013.tsv.bz2', '/public/dumps/public/other/mediawiki_history/2021-03/cawiki/2021-03.cawiki.2014.tsv.bz2', '/public/dumps/public/other/mediawiki_history/2021-03/cawiki/2021-03.cawiki.2015.tsv.bz2', '/public/dumps/public/other/mediawiki_history/2021-03/cawiki/2021-03.cawiki.2016.tsv.bz2', '/public/dumps/public/other/mediawiki_history/2021-03/cawiki/2021-03.cawiki.2017.tsv.bz2', '/public/dumps/public/other/mediawiki_history/2021-03/cawiki/2021-03.cawiki.2018.tsv.bz2', '/public/dumps/public/other/mediawiki_history/2021-03/cawiki/2021-03.cawiki.2019.tsv.bz2', '/public/dumps/public/other/mediawiki_history/2021-03/cawiki/2021-03.cawiki.2020.tsv.bz2', '/public/dumps/public/other/mediawiki_history/2021-03/cawiki/2021-03.cawiki.2021.tsv.bz2']
2021-03
done with the monthly edits.
done with the monthly editing days.
ca editor_metrics_db_iterator ca 0:11:20.829683
database iterator done.

hell yeh
done
* Done with the COMMUNITY HEALTH METRICS completed successfuly after: 1:30:40.244784
