current cycle for the data: 2020-07
checking languages Replicas databases and deleting those without one...
This language has no database or we cannot connect to it: ru_sib
This language has no database or we cannot connect to it: tlh
This language has no database or we cannot connect to it: tokipona
database in use in load_wikipedia_language_editions_numberofarticles: wikipedia_diversity.db
this language is not in the database yet: ary
this language is not in the database yet: awa
this language is not in the database yet: lld
wikipedialanguage_numberarticles loaded.
this is the total number of articles in the Diversity Database: 53107039
- Process Accountant: The script "lgbt_content_selection.py" has not run yet. Do it! Now: 2020/09/12-09:03:36. Year Month Cycle: 2020-07
All in.
aa
ab
ace
ady
af
ak
als
am
an
ang
ar
arc
ary
sqlite3.OperationalError: no such table: ary
arz
as
ast
atj
av
awa
sqlite3.OperationalError: no such table: awa
ay
az
azb
ba
ban
bar
bat_smg
bcl
be
be_x_old
bg
bh
bi
bjn
bm
bn
bo
bpy
br
bs
bug
bxr
ca
cbk_zam
cdo
ce
ceb
ch
cho
chr
chy
ckb
co
cr
crh
cs
csb
cu
cv
cy
da
de
din
diq
dsb
dty
dv
dz
ee
el
eml
en
es
et
eu
ext
fa
ff
fi
fiu_vro
fj
fo
fr
frp
frr
fur
fy
ga
gag
gan
gcr
gd
gl
glk
gn
gom
gor
gu
gv
ha
hak
haw
he
hi
hif
ho
hr
hsb
ht
hu
hy
hyw
hz
id
ig
ii
ik
ilo
inh
is
it
iu
ja
jam
jv
ka
kaa
kab
kbd
kbp
kg
ki
kj
kk
kl
km
kn
ko
koi
kr
krc
ks
ksh
ku
kv
kw
ky
la
lad
lb
lbe
lez
lg
li
lij
lld
sqlite3.OperationalError: no such table: lld
lmo
ln
lo
lrc
lt
ltg
lv
mai
map_bms
mdf
mg
mh
mhr
mi
min
mk
ml
mn
mnw
mr
mrj
ms
mt
mus
mwl
my
myv
mzn
na
nah
nap
nds
nds_nl
ne
new
ng
nl
nn
no
nqo
nrm
nso
nv
ny
oc
olo
om
or
os
pa
pag
pam
pap
pcd
pdc
pfl
pi
pih
pl
pms
pnb
pnt
ps
pt
qu
rm
rmy
rn
ro
roa_rup
roa_tara
ru
rue
rw
sa
sah
sat
sc
scn
sco
sd
se
sg
sh
shn
si
simple
sk
sl
sm
sn
so
sq
sr
srn
ss
st
stq
su
sv
sw
szl
szy
ta
tcy
te
tet
tg
th
ti
tk
tl
tn
to
tpi
tr
ts
tt
tum
tw
ty
tyv
udm
ug
uk
ur
uz
ve
vec
vep
vi
vls
wa
war
wo
wuu
xal
xh
xmf
yi
yo
za
zea
zh
zh_classical
zh_min_nan
zh_yue
zu
Traceback (most recent call last):
  File "lgbt_content_selection.py", line 772, in <module>
    main()
  File "lgbt_content_selection.py", line 57, in main
    update_wikipedia_diversity_lgbt_topics()
  File "lgbt_content_selection.py", line 709, in update_wikipedia_diversity_lgbt_topics
    os.remove(databases_path + lgbts_content_db); print (lgbts_content_db+' deleted.');
NameError: name 'lgbts_content_db' is not defined
